# JRE version: Java(TM) SE Runtime Environment (13.0.2+8) (build 13.0.2+8)
# Java VM: Java HotSpot(TM) 64-Bit Server VM (13.0.2+8, mixed mode, sharing, tiered, compressed oops, g1 gc, windows-amd64)
Heap:
 garbage-first heap   total 238592K, used 111470K [0x0000000081800000, 0x0000000100000000)
  region size 1024K, 1 young (1024K), 1 survivors (1024K)
 Metaspace       used 4243K, capacity 5272K, committed 5376K, reserved 1056768K
  class space    used 408K, capacity 510K, committed 512K, reserved 1048576K
GC Heap History (20 events):
Event: 10.629 GC heap after
{Heap after GC invocations=3 (full 0):
 garbage-first heap   total 141312K, used 62817K [0x0000000081800000, 0x0000000100000000)
  region size 1024K, 10 young (10240K), 10 survivors (10240K)
 Metaspace       used 4187K, capacity 5208K, committed 5376K, reserved 1056768K
  class space    used 397K, capacity 510K, committed 512K, reserved 1048576K
}
Event: 11.206 GC heap before
{Heap before GC invocations=3 (full 0):
 garbage-first heap   total 141312K, used 88417K [0x0000000081800000, 0x0000000100000000)
  region size 1024K, 35 young (35840K), 10 survivors (10240K)
 Metaspace       used 4242K, capacity 5272K, committed 5376K, reserved 1056768K
  class space    used 408K, capacity 510K, committed 512K, reserved 1048576K
}
Event: 11.221 GC heap after
{Heap after GC invocations=4 (full 0):
 garbage-first heap   total 141312K, used 76288K [0x0000000081800000, 0x0000000100000000)
  region size 1024K, 5 young (5120K), 5 survivors (5120K)
 Metaspace       used 4242K, capacity 5272K, committed 5376K, reserved 1056768K
  class space    used 408K, capacity 510K, committed 512K, reserved 1048576K
}
Event: 11.327 GC heap before
{Heap before GC invocations=4 (full 0):
 garbage-first heap   total 141312K, used 95744K [0x0000000081800000, 0x0000000100000000)
  region size 1024K, 24 young (24576K), 5 survivors (5120K)
 Metaspace       used 4243K, capacity 5272K, committed 5376K, reserved 1056768K
  class space    used 408K, capacity 510K, committed 512K, reserved 1048576K
}
Event: 11.350 GC heap after
{Heap after GC invocations=5 (full 0):
 garbage-first heap   total 141312K, used 96256K [0x0000000081800000, 0x0000000100000000)
  region size 1024K, 3 young (3072K), 3 survivors (3072K)
 Metaspace       used 4243K, capacity 5272K, committed 5376K, reserved 1056768K
  class space    used 408K, capacity 510K, committed 512K, reserved 1048576K
}
Event: 11.374 GC heap before
{Heap before GC invocations=5 (full 0):
 garbage-first heap   total 141312K, used 106496K [0x0000000081800000, 0x0000000100000000)
  region size 1024K, 13 young (13312K), 3 survivors (3072K)
 Metaspace       used 4243K, capacity 5272K, committed 5376K, reserved 1056768K
  class space    used 408K, capacity 510K, committed 512K, reserved 1048576K
}
Event: 11.391 GC heap after
{Heap after GC invocations=6 (full 0):
 garbage-first heap   total 141312K, used 108032K [0x0000000081800000, 0x0000000100000000)
  region size 1024K, 2 young (2048K), 2 survivors (2048K)
 Metaspace       used 4243K, capacity 5272K, committed 5376K, reserved 1056768K
  class space    used 408K, capacity 510K, committed 512K, reserved 1048576K
}
Event: 11.397 GC heap before
{Heap before GC invocations=6 (full 0):
 garbage-first heap   total 141312K, used 113152K [0x0000000081800000, 0x0000000100000000)
  region size 1024K, 7 young (7168K), 2 survivors (2048K)
 Metaspace       used 4243K, capacity 5272K, committed 5376K, reserved 1056768K
  class space    used 408K, capacity 510K, committed 512K, reserved 1048576K
}
Event: 11.407 GC heap after
{Heap after GC invocations=7 (full 0):
 garbage-first heap   total 141312K, used 114176K [0x0000000081800000, 0x0000000100000000)
  region size 1024K, 1 young (1024K), 1 survivors (1024K)
 Metaspace       used 4243K, capacity 5272K, committed 5376K, reserved 1056768K
  class space    used 408K, capacity 510K, committed 512K, reserved 1048576K
}
Event: 11.414 GC heap before
{Heap before GC invocations=7 (full 0):
 garbage-first heap   total 141312K, used 119296K [0x0000000081800000, 0x0000000100000000)
  region size 1024K, 6 young (6144K), 1 survivors (1024K)
 Metaspace       used 4243K, capacity 5272K, committed 5376K, reserved 1056768K
  class space    used 408K, capacity 510K, committed 512K, reserved 1048576K
}
Event: 11.425 GC heap after
{Heap after GC invocations=8 (full 0):
 garbage-first heap   total 141312K, used 119808K [0x0000000081800000, 0x0000000100000000)
  region size 1024K, 1 young (1024K), 1 survivors (1024K)
 Metaspace       used 4243K, capacity 5272K, committed 5376K, reserved 1056768K
  class space    used 408K, capacity 510K, committed 512K, reserved 1048576K
}
Event: 11.432 GC heap before
{Heap before GC invocations=8 (full 0):
 garbage-first heap   total 141312K, used 124928K [0x0000000081800000, 0x0000000100000000)
  region size 1024K, 6 young (6144K), 1 survivors (1024K)
 Metaspace       used 4243K, capacity 5272K, committed 5376K, reserved 1056768K
  class space    used 408K, capacity 510K, committed 512K, reserved 1048576K
}
Event: 11.444 GC heap after
{Heap after GC invocations=9 (full 0):
 garbage-first heap   total 141312K, used 125219K [0x0000000081800000, 0x0000000100000000)
  region size 1024K, 1 young (1024K), 1 survivors (1024K)
 Metaspace       used 4243K, capacity 5272K, committed 5376K, reserved 1056768K
  class space    used 408K, capacity 510K, committed 512K, reserved 1048576K
}
Event: 11.452 GC heap before
{Heap before GC invocations=9 (full 0):
 garbage-first heap   total 141312K, used 130339K [0x0000000081800000, 0x0000000100000000)
  region size 1024K, 6 young (6144K), 1 survivors (1024K)
 Metaspace       used 4243K, capacity 5272K, committed 5376K, reserved 1056768K
  class space    used 408K, capacity 510K, committed 512K, reserved 1048576K
}
Event: 11.461 GC heap after
{Heap after GC invocations=10 (full 0):
 garbage-first heap   total 141312K, used 130838K [0x0000000081800000, 0x0000000100000000)
  region size 1024K, 1 young (1024K), 1 survivors (1024K)
 Metaspace       used 4243K, capacity 5272K, committed 5376K, reserved 1056768K
  class space    used 408K, capacity 510K, committed 512K, reserved 1048576K
}
Event: 11.471 GC heap before
{Heap before GC invocations=10 (full 0):
 garbage-first heap   total 141312K, used 135958K [0x0000000081800000, 0x0000000100000000)
  region size 1024K, 6 young (6144K), 1 survivors (1024K)
 Metaspace       used 4243K, capacity 5272K, committed 5376K, reserved 1056768K
  class space    used 408K, capacity 510K, committed 512K, reserved 1048576K
}
Event: 11.482 GC heap after
{Heap after GC invocations=11 (full 0):
 garbage-first heap   total 143360K, used 136448K [0x0000000081800000, 0x0000000100000000)
  region size 1024K, 1 young (1024K), 1 survivors (1024K)
 Metaspace       used 4243K, capacity 5272K, committed 5376K, reserved 1056768K
  class space    used 408K, capacity 510K, committed 512K, reserved 1048576K
}
Event: 11.496 GC heap before
{Heap before GC invocations=11 (full 0):
 garbage-first heap   total 143360K, used 142592K [0x0000000081800000, 0x0000000100000000)
  region size 1024K, 7 young (7168K), 1 survivors (1024K)
 Metaspace       used 4243K, capacity 5272K, committed 5376K, reserved 1056768K
  class space    used 408K, capacity 510K, committed 512K, reserved 1048576K
}
Event: 11.509 GC heap after
{Heap after GC invocations=12 (full 0):
 garbage-first heap   total 150528K, used 142845K [0x0000000081800000, 0x0000000100000000)
  region size 1024K, 1 young (1024K), 1 survivors (1024K)
 Metaspace       used 4243K, capacity 5272K, committed 5376K, reserved 1056768K
  class space    used 408K, capacity 510K, committed 512K, reserved 1048576K
}
Event: 11.545 GC heap before
{Heap before GC invocations=12 (full 0):
 garbage-first heap   total 181248K, used 111101K [0x0000000081800000, 0x0000000100000000)
  region size 1024K, 7 young (7168K), 1 survivors (1024K)
 Metaspace       used 4243K, capacity 5272K, committed 5376K, reserved 1056768K
  class space    used 408K, capacity 510K, committed 512K, reserved 1048576K
}

