# JRE version: Java(TM) SE Runtime Environment (13.0.2+8) (build 13.0.2+8)
# Java VM: Java HotSpot(TM) 64-Bit Server VM (13.0.2+8, mixed mode, sharing, tiered, compressed oops, g1 gc, windows-amd64)
Heap:
 garbage-first heap   total 271360K, used 135618K [0x0000000081800000, 0x0000000100000000)
  region size 1024K, 20 young (20480K), 5 survivors (5120K)
 Metaspace       used 5798K, capacity 5920K, committed 6016K, reserved 1056768K
  class space    used 536K, capacity 582K, committed 640K, reserved 1048576K
GC Heap History (20 events):
Event: 9.683 GC heap before
{Heap before GC invocations=8 (full 0):
 garbage-first heap   total 162816K, used 106496K [0x0000000081800000, 0x0000000100000000)
  region size 1024K, 21 young (21504K), 3 survivors (3072K)
 Metaspace       used 4245K, capacity 5272K, committed 5376K, reserved 1056768K
  class space    used 408K, capacity 510K, committed 512K, reserved 1048576K
}
Event: 9.710 GC heap after
{Heap after GC invocations=9 (full 0):
 garbage-first heap   total 162816K, used 107520K [0x0000000081800000, 0x0000000100000000)
  region size 1024K, 3 young (3072K), 3 survivors (3072K)
 Metaspace       used 4245K, capacity 5272K, committed 5376K, reserved 1056768K
  class space    used 408K, capacity 510K, committed 512K, reserved 1048576K
}
Event: 9.715 GC heap before
{Heap before GC invocations=9 (full 0):
 garbage-first heap   total 162816K, used 111616K [0x0000000081800000, 0x0000000100000000)
  region size 1024K, 7 young (7168K), 3 survivors (3072K)
 Metaspace       used 4245K, capacity 5272K, committed 5376K, reserved 1056768K
  class space    used 408K, capacity 510K, committed 512K, reserved 1048576K
}
Event: 9.731 GC heap after
{Heap after GC invocations=10 (full 0):
 garbage-first heap   total 162816K, used 103424K [0x0000000081800000, 0x0000000100000000)
  region size 1024K, 1 young (1024K), 1 survivors (1024K)
 Metaspace       used 4245K, capacity 5272K, committed 5376K, reserved 1056768K
  class space    used 408K, capacity 510K, committed 512K, reserved 1048576K
}
Event: 9.746 GC heap before
{Heap before GC invocations=10 (full 0):
 garbage-first heap   total 162816K, used 116736K [0x0000000081800000, 0x0000000100000000)
  region size 1024K, 14 young (14336K), 1 survivors (1024K)
 Metaspace       used 4245K, capacity 5272K, committed 5376K, reserved 1056768K
  class space    used 408K, capacity 510K, committed 512K, reserved 1048576K
}
Event: 9.767 GC heap after
{Heap after GC invocations=11 (full 0):
 garbage-first heap   total 162816K, used 117760K [0x0000000081800000, 0x0000000100000000)
  region size 1024K, 2 young (2048K), 2 survivors (2048K)
 Metaspace       used 4245K, capacity 5272K, committed 5376K, reserved 1056768K
  class space    used 408K, capacity 510K, committed 512K, reserved 1048576K
}
Event: 9.777 GC heap before
{Heap before GC invocations=11 (full 0):
 garbage-first heap   total 162816K, used 125952K [0x0000000081800000, 0x0000000100000000)
  region size 1024K, 10 young (10240K), 2 survivors (2048K)
 Metaspace       used 4245K, capacity 5272K, committed 5376K, reserved 1056768K
  class space    used 408K, capacity 510K, committed 512K, reserved 1048576K
}
Event: 9.786 GC heap after
{Heap after GC invocations=12 (full 0):
 garbage-first heap   total 195584K, used 121856K [0x0000000081800000, 0x0000000100000000)
  region size 1024K, 2 young (2048K), 2 survivors (2048K)
 Metaspace       used 4245K, capacity 5272K, committed 5376K, reserved 1056768K
  class space    used 408K, capacity 510K, committed 512K, reserved 1048576K
}
Event: 9.827 GC heap before
{Heap before GC invocations=12 (full 0):
 garbage-first heap   total 195584K, used 138240K [0x0000000081800000, 0x0000000100000000)
  region size 1024K, 18 young (18432K), 2 survivors (2048K)
 Metaspace       used 4245K, capacity 5272K, committed 5376K, reserved 1056768K
  class space    used 408K, capacity 510K, committed 512K, reserved 1048576K
}
Event: 9.833 GC heap after
{Heap after GC invocations=13 (full 0):
 garbage-first heap   total 195584K, used 123097K [0x0000000081800000, 0x0000000100000000)
  region size 1024K, 1 young (1024K), 1 survivors (1024K)
 Metaspace       used 4245K, capacity 5272K, committed 5376K, reserved 1056768K
  class space    used 408K, capacity 510K, committed 512K, reserved 1048576K
}
Event: 9.842 GC heap before
{Heap before GC invocations=13 (full 0):
 garbage-first heap   total 195584K, used 140505K [0x0000000081800000, 0x0000000100000000)
  region size 1024K, 18 young (18432K), 1 survivors (1024K)
 Metaspace       used 4245K, capacity 5272K, committed 5376K, reserved 1056768K
  class space    used 408K, capacity 510K, committed 512K, reserved 1048576K
}
Event: 9.843 GC heap after
{Heap after GC invocations=14 (full 0):
 garbage-first heap   total 195584K, used 122927K [0x0000000081800000, 0x0000000100000000)
  region size 1024K, 1 young (1024K), 1 survivors (1024K)
 Metaspace       used 4245K, capacity 5272K, committed 5376K, reserved 1056768K
  class space    used 408K, capacity 510K, committed 512K, reserved 1048576K
}
Event: 9.908 GC heap before
{Heap before GC invocations=14 (full 0):
 garbage-first heap   total 195584K, used 143407K [0x0000000081800000, 0x0000000100000000)
  region size 1024K, 21 young (21504K), 1 survivors (1024K)
 Metaspace       used 4249K, capacity 5272K, committed 5376K, reserved 1056768K
  class space    used 408K, capacity 510K, committed 512K, reserved 1048576K
}
Event: 9.909 GC heap after
{Heap after GC invocations=15 (full 0):
 garbage-first heap   total 195584K, used 122946K [0x0000000081800000, 0x0000000100000000)
  region size 1024K, 1 young (1024K), 1 survivors (1024K)
 Metaspace       used 4249K, capacity 5272K, committed 5376K, reserved 1056768K
  class space    used 408K, capacity 510K, committed 512K, reserved 1048576K
}
Event: 9.922 GC heap before
{Heap before GC invocations=15 (full 0):
 garbage-first heap   total 195584K, used 145474K [0x0000000081800000, 0x0000000100000000)
  region size 1024K, 23 young (23552K), 1 survivors (1024K)
 Metaspace       used 4249K, capacity 5272K, committed 5376K, reserved 1056768K
  class space    used 408K, capacity 510K, committed 512K, reserved 1048576K
}
Event: 9.922 GC heap after
{Heap after GC invocations=16 (full 0):
 garbage-first heap   total 195584K, used 123117K [0x0000000081800000, 0x0000000100000000)
  region size 1024K, 1 young (1024K), 1 survivors (1024K)
 Metaspace       used 4249K, capacity 5272K, committed 5376K, reserved 1056768K
  class space    used 408K, capacity 510K, committed 512K, reserved 1048576K
}
Event: 12.280 GC heap before
{Heap before GC invocations=17 (full 0):
 garbage-first heap   total 239616K, used 142573K [0x0000000081800000, 0x0000000100000000)
  region size 1024K, 19 young (19456K), 1 survivors (1024K)
 Metaspace       used 4324K, capacity 5272K, committed 5376K, reserved 1056768K
  class space    used 410K, capacity 510K, committed 512K, reserved 1048576K
}
Event: 12.281 GC heap after
{Heap after GC invocations=18 (full 0):
 garbage-first heap   total 239616K, used 123714K [0x0000000081800000, 0x0000000100000000)
  region size 1024K, 1 young (1024K), 1 survivors (1024K)
 Metaspace       used 4324K, capacity 5272K, committed 5376K, reserved 1056768K
  class space    used 410K, capacity 510K, committed 512K, reserved 1048576K
}
Event: 27.950 GC heap before
{Heap before GC invocations=19 (full 0):
 garbage-first heap   total 271360K, used 164674K [0x0000000081800000, 0x0000000100000000)
  region size 1024K, 40 young (40960K), 1 survivors (1024K)
 Metaspace       used 4349K, capacity 5272K, committed 5376K, reserved 1056768K
  class space    used 412K, capacity 510K, committed 512K, reserved 1048576K
}
Event: 27.953 GC heap after
{Heap after GC invocations=20 (full 0):
 garbage-first heap   total 271360K, used 129474K [0x0000000081800000, 0x0000000100000000)
  region size 1024K, 5 young (5120K), 5 survivors (5120K)
 Metaspace       used 4349K, capacity 5272K, committed 5376K, reserved 1056768K
  class space    used 412K, capacity 510K, committed 512K, reserved 1048576K
}

