# JRE version: Java(TM) SE Runtime Environment (13.0.2+8) (build 13.0.2+8)
# Java VM: Java HotSpot(TM) 64-Bit Server VM (13.0.2+8, mixed mode, sharing, tiered, compressed oops, g1 gc, windows-amd64)
Heap:
 garbage-first heap   total 519168K, used 130440K [0x0000000081800000, 0x0000000100000000)
  region size 1024K, 1 young (1024K), 1 survivors (1024K)
 Metaspace       used 4250K, capacity 5272K, committed 5376K, reserved 1056768K
  class space    used 408K, capacity 510K, committed 512K, reserved 1048576K
GC Heap History (20 events):
Event: 11.876 GC heap after
{Heap after GC invocations=6 (full 0):
 garbage-first heap   total 136192K, used 102912K [0x0000000081800000, 0x0000000100000000)
  region size 1024K, 2 young (2048K), 2 survivors (2048K)
 Metaspace       used 4250K, capacity 5272K, committed 5376K, reserved 1056768K
  class space    used 408K, capacity 510K, committed 512K, reserved 1048576K
}
Event: 11.883 GC heap before
{Heap before GC invocations=6 (full 0):
 garbage-first heap   total 136192K, used 108032K [0x0000000081800000, 0x0000000100000000)
  region size 1024K, 7 young (7168K), 2 survivors (2048K)
 Metaspace       used 4250K, capacity 5272K, committed 5376K, reserved 1056768K
  class space    used 408K, capacity 510K, committed 512K, reserved 1048576K
}
Event: 11.893 GC heap after
{Heap after GC invocations=7 (full 0):
 garbage-first heap   total 136192K, used 109056K [0x0000000081800000, 0x0000000100000000)
  region size 1024K, 1 young (1024K), 1 survivors (1024K)
 Metaspace       used 4250K, capacity 5272K, committed 5376K, reserved 1056768K
  class space    used 408K, capacity 510K, committed 512K, reserved 1048576K
}
Event: 11.901 GC heap before
{Heap before GC invocations=7 (full 0):
 garbage-first heap   total 136192K, used 114176K [0x0000000081800000, 0x0000000100000000)
  region size 1024K, 6 young (6144K), 1 survivors (1024K)
 Metaspace       used 4250K, capacity 5272K, committed 5376K, reserved 1056768K
  class space    used 408K, capacity 510K, committed 512K, reserved 1048576K
}
Event: 11.909 GC heap after
{Heap after GC invocations=8 (full 0):
 garbage-first heap   total 136192K, used 115076K [0x0000000081800000, 0x0000000100000000)
  region size 1024K, 1 young (1024K), 1 survivors (1024K)
 Metaspace       used 4250K, capacity 5272K, committed 5376K, reserved 1056768K
  class space    used 408K, capacity 510K, committed 512K, reserved 1048576K
}
Event: 11.917 GC heap before
{Heap before GC invocations=8 (full 0):
 garbage-first heap   total 136192K, used 120196K [0x0000000081800000, 0x0000000100000000)
  region size 1024K, 6 young (6144K), 1 survivors (1024K)
 Metaspace       used 4250K, capacity 5272K, committed 5376K, reserved 1056768K
  class space    used 408K, capacity 510K, committed 512K, reserved 1048576K
}
Event: 11.927 GC heap after
{Heap after GC invocations=9 (full 0):
 garbage-first heap   total 136192K, used 120671K [0x0000000081800000, 0x0000000100000000)
  region size 1024K, 1 young (1024K), 1 survivors (1024K)
 Metaspace       used 4250K, capacity 5272K, committed 5376K, reserved 1056768K
  class space    used 408K, capacity 510K, committed 512K, reserved 1048576K
}
Event: 11.934 GC heap before
{Heap before GC invocations=9 (full 0):
 garbage-first heap   total 136192K, used 125791K [0x0000000081800000, 0x0000000100000000)
  region size 1024K, 6 young (6144K), 1 survivors (1024K)
 Metaspace       used 4250K, capacity 5272K, committed 5376K, reserved 1056768K
  class space    used 408K, capacity 510K, committed 512K, reserved 1048576K
}
Event: 11.944 GC heap after
{Heap after GC invocations=10 (full 0):
 garbage-first heap   total 136192K, used 125952K [0x0000000081800000, 0x0000000100000000)
  region size 1024K, 1 young (1024K), 1 survivors (1024K)
 Metaspace       used 4250K, capacity 5272K, committed 5376K, reserved 1056768K
  class space    used 408K, capacity 510K, committed 512K, reserved 1048576K
}
Event: 11.952 GC heap before
{Heap before GC invocations=10 (full 0):
 garbage-first heap   total 136192K, used 131072K [0x0000000081800000, 0x0000000100000000)
  region size 1024K, 6 young (6144K), 1 survivors (1024K)
 Metaspace       used 4250K, capacity 5272K, committed 5376K, reserved 1056768K
  class space    used 408K, capacity 510K, committed 512K, reserved 1048576K
}
Event: 11.962 GC heap after
{Heap after GC invocations=11 (full 0):
 garbage-first heap   total 138240K, used 131328K [0x0000000081800000, 0x0000000100000000)
  region size 1024K, 1 young (1024K), 1 survivors (1024K)
 Metaspace       used 4250K, capacity 5272K, committed 5376K, reserved 1056768K
  class space    used 408K, capacity 510K, committed 512K, reserved 1048576K
}
Event: 11.970 GC heap before
{Heap before GC invocations=11 (full 0):
 garbage-first heap   total 138240K, used 136448K [0x0000000081800000, 0x0000000100000000)
  region size 1024K, 6 young (6144K), 1 survivors (1024K)
 Metaspace       used 4250K, capacity 5272K, committed 5376K, reserved 1056768K
  class space    used 408K, capacity 510K, committed 512K, reserved 1048576K
}
Event: 11.980 GC heap after
{Heap after GC invocations=12 (full 0):
 garbage-first heap   total 172032K, used 136956K [0x0000000081800000, 0x0000000100000000)
  region size 1024K, 1 young (1024K), 1 survivors (1024K)
 Metaspace       used 4250K, capacity 5272K, committed 5376K, reserved 1056768K
  class space    used 408K, capacity 510K, committed 512K, reserved 1048576K
}
Event: 12.023 GC heap before
{Heap before GC invocations=12 (full 0):
 garbage-first heap   total 173056K, used 109308K [0x0000000081800000, 0x0000000100000000)
  region size 1024K, 8 young (8192K), 1 survivors (1024K)
 Metaspace       used 4250K, capacity 5272K, committed 5376K, reserved 1056768K
  class space    used 408K, capacity 510K, committed 512K, reserved 1048576K
}
Event: 12.035 GC heap after
{Heap after GC invocations=13 (full 0):
 garbage-first heap   total 173056K, used 109568K [0x0000000081800000, 0x0000000100000000)
  region size 1024K, 1 young (1024K), 1 survivors (1024K)
 Metaspace       used 4250K, capacity 5272K, committed 5376K, reserved 1056768K
  class space    used 408K, capacity 510K, committed 512K, reserved 1048576K
}
Event: 12.062 GC heap before
{Heap before GC invocations=13 (full 0):
 garbage-first heap   total 173056K, used 123904K [0x0000000081800000, 0x0000000100000000)
  region size 1024K, 15 young (15360K), 1 survivors (1024K)
 Metaspace       used 4250K, capacity 5272K, committed 5376K, reserved 1056768K
  class space    used 408K, capacity 510K, committed 512K, reserved 1048576K
}
Event: 12.085 GC heap after
{Heap after GC invocations=14 (full 0):
 garbage-first heap   total 173056K, used 124566K [0x0000000081800000, 0x0000000100000000)
  region size 1024K, 2 young (2048K), 2 survivors (2048K)
 Metaspace       used 4250K, capacity 5272K, committed 5376K, reserved 1056768K
  class space    used 408K, capacity 510K, committed 512K, reserved 1048576K
}
Event: 12.096 GC heap before
{Heap before GC invocations=14 (full 0):
 garbage-first heap   total 173056K, used 133782K [0x0000000081800000, 0x0000000100000000)
  region size 1024K, 11 young (11264K), 2 survivors (2048K)
 Metaspace       used 4250K, capacity 5272K, committed 5376K, reserved 1056768K
  class space    used 408K, capacity 510K, committed 512K, reserved 1048576K
}
Event: 12.104 GC heap after
{Heap after GC invocations=15 (full 0):
 garbage-first heap   total 173056K, used 129024K [0x0000000081800000, 0x0000000100000000)
  region size 1024K, 2 young (2048K), 2 survivors (2048K)
 Metaspace       used 4250K, capacity 5272K, committed 5376K, reserved 1056768K
  class space    used 408K, capacity 510K, committed 512K, reserved 1048576K
}
Event: 12.109 GC heap before
{Heap before GC invocations=15 (full 0):
 garbage-first heap   total 173056K, used 137216K [0x0000000081800000, 0x0000000100000000)
  region size 1024K, 10 young (10240K), 2 survivors (2048K)
 Metaspace       used 4250K, capacity 5272K, committed 5376K, reserved 1056768K
  class space    used 408K, capacity 510K, committed 512K, reserved 1048576K
}

